1617343014360	geckodriver	INFO	Listening on 127.0.0.1:64642
1617343017431	mozrunner::runner	INFO	Running command: "C:\\Program Files\\Mozilla Firefox\\firefox.exe" "--marionette" "-foreground" "-no-remote" "-profile" "C:\\Users\\YINZIX~1.DES\\AppData\\Local\\Temp\\rust_mozprofilelLhnbU"
console.warn: SearchSettings: "get: No settings file exists, new profile?" (new Error("", "(unknown module)"))
1617343026338	Marionette	INFO	Listening on port 64650
1617343026642	Marionette	WARN	TLS certificate errors will be ignored for this session
console.log: WebExtensions: reset-default-search: No addons in our list are installed.
1617346040414	Marionette	INFO	Stopped listening on port 64650

###!!! [Child][RunMessage] Error: Channel closing: too late to send/recv, messages will be lost

"--marionette" "-foreground" "-no-remote" "-profile" "C:\\Users\\YINZIX~1.DES\\AppData\\Local\\Temp\\rust_mozprofilelU4TbI"
console.warn: SearchSettings: "get: No settings file exists, new profile?" (new Error("", "(unknown module)"))
1617344041733	Marionette	INFO	Listening on port 63333
1617344042221	Marionette	WARN	TLS certificate errors will be ignored for this session
1617344042292	Marionette	INFO	Stopped listening on port 63333
JavaScript error: resource://activity-stream/lib/ASRouter.jsm, line 988: NS_ERROR_ILLEGAL_VALUE: Component returned failure code: 0x80070057 (NS_ERROR_ILLEGAL_VALUE) [nsIObserverService.removeObserver]
console.warn: services.settings: main/cfr-fxa sync interrupted by shutdown

###!!! [Child][RunMessage] Error: Channel closing: too late to send/recv, messages will be lost

1617948272275	geckodriver	INFO	Listening on 127.0.0.1:65207
1617948275400	mozrunner::runner	INFO	Running command: "C:\\Program Files\\Mozilla Firefox\\firefox.exe" "--marionette" "-foreground" "-no-remote" "-profile" "C:\\Users\\YINZIX~1.DES\\AppData\\Local\\Temp\\rust_mozprofile30hMRQ"
console.warn: SearchSettings: "get: No settings file exists, new profile?" (new Error("", "(unknown module)"))
1617948284970	Marionette	INFO	Listening on port 59929
1617948285144	Marionette	WARN	TLS certificate errors will be ignored for this session
1617948285228	Marionette	INFO	Stopped listening on port 59929
JavaScript error: resource://activity-stream/lib/ASRouter.jsm, line 988: NS_ERROR_ILLEGAL_VALUE: Component returned failure code: 0x80070057 (NS_ERROR_ILLEGAL_VALUE) [nsIObserverService.removeObserver]
console.warn: services.settings: main/message-groups sync interrupted by shutdown
console.error: Region.jsm: "Error fetching region" (new TypeError("NetworkError when attempting to fetch resource.", ""))
console.error: Region.jsm: "Failed to fetch region" (new Error("NO_RESULT", "resource://gre/modules/Region.jsm", 422))

###!!! [Child][RunMessage] Error: Channel closing: too late to send/recv, messages will be lost

1617948418346	geckodriver	INFO	Listening on 127.0.0.1:59977
1617948421408	mozrunner::runner	INFO	Running command: "C:\\Program Files\\Mozilla Firefox\\firefox.exe" "--marionette" "-foreground" "-no-remote" "-profile" "C:\\Users\\YINZIX~1.DES\\AppData\\Local\\Temp\\rust_mozprofilebwbNEt"
console.warn: SearchSettings: "get: No settings file exists, new profile?" (new Error("", "(unknown module)"))
1617948429783	Marionette	INFO	Listening on port 59985
1617948429985	Marionette	WARN	TLS certificate errors will be ignored for this session
1617948436924	Marionette	INFO	Stopped listening on port 59985

###!!! [Child][RunMessage] Error: Channel closing: too late to send/recv, messages will be lost

1617948553430	geckodriver	INFO	Listening on 127.0.0.1:60054
1617948556492	mozrunner::runner	INFO	Running command: "C:\\Program Files\\Mozilla Firefox\\firefox.exe" "--marionette" "-foreground" "-no-remote" "-profile" "C:\\Users\\YINZIX~1.DES\\AppData\\Local\\Temp\\rust_mozprofilegL0tGD"
console.warn: SearchSettings: "get: No settings file exists, new profile?" (new Error("", "(unknown module)"))
1617948564330	Marionette	INFO	Listening on port 60062
1617948564546	Marionette	WARN	TLS certificate errors will be ignored for this session
1617948571369	Marionette	INFO	Stopped listening on port 60062

###!!! [Child][RunMessage] Error: Channel closing: too late to send/recv, messages will be lost

1617948598857	geckodriver	INFO	Listening on 127.0.0.1:60127
1617948601966	mozrunner::runner	INFO	Running command: "C:\\Program Files\\Mozilla Firefox\\firefox.exe" "--marionette" "-foreground" "-no-remote" "-profile" "C:\\Users\\YINZIX~1.DES\\AppData\\Local\\Temp\\rust_mozprofileE9gDHq"
console.warn: SearchSettings: "get: No settings file exists, new profile?" (new Error("", "(unknown module)"))
1617948610247	Marionette	INFO	Listening on port 60135
1617948610510	Marionette	WARN	TLS certificate errors will be ignored for this session
1617948617438	Marionette	INFO	Stopped listening on port 60135

###!!! [Child][RunMessage] Error: Channel closing: too late to send/recv, messages will be lost

